PRAGMA foreign_keys=OFF;
BEGIN TRANSACTION;
CREATE TABLE android_metadata (locale TEXT);
INSERT INTO "android_metadata" VALUES('en_US');
CREATE TABLE asset_versions(ID TEXT PRIMARY KEY, URI TEXT, STATE TEXT, DOWNLOAD_PENDING_TIME INTEGER, DOWNLOAD_TIME INTEGER, INSTALL_TIME INTEGER, UNINSTALL_TIME INTEGER, SIZE INTEGER, PACKAGE TEXT, FORWARD_LOCKED TEXT, SIGNATURE TEXT, REFUND_PERIOD_END_TIME INTEGER, VERSION_CODE INTEGER, REFERRER TEXT, SOURCE TEXT, OBB_VERSION_CODE INTEGER, OBB_URI TEXT, OBB_URL TEXT, OBB_SIZE INTEGER, OBB_STATE INTEGER, OBB_PATCH_VERSION_CODE INTEGER, OBB_PATCH_URI TEXT, OBB_PATCH_URL TEXT, OBB_PATCH_SIZE INTEGER, OBB_PATCH_STATE INTEGER);
INSERT INTO "asset_versions" VALUES('-8604213170036121914','','INSTALLED',0,0,0,0,0,'com.amazon.kindle','false',NULL,NULL,1,NULL,NULL,-1,'','',-1,4,-1,'','',-1,4);
INSERT INTO "asset_versions" VALUES('-4729436587362147227','','INSTALLED',0,0,0,0,0,'com.google.android.googlequicksearchbox','false',NULL,NULL,112064376,NULL,NULL,-1,'','',-1,4,-1,'','',-1,4);
INSERT INTO "asset_versions" VALUES('-2450202497884587788','','INSTALLED',0,0,0,0,0,'com.facebook.katana','false',NULL,NULL,5914,NULL,NULL,-1,'','',-1,4,-1,'','',-1,4);
INSERT INTO "asset_versions" VALUES('4437164779718678067','','INSTALLED',0,0,0,0,0,'com.pandora.android','false',NULL,NULL,29,NULL,NULL,-1,'','',-1,4,-1,'','',-1,4);
INSERT INTO "asset_versions" VALUES('4228678084581894901','','INSTALLED',0,0,0,0,0,'com.cooliris.media','false',NULL,NULL,30682,NULL,NULL,-1,'','',-1,4,-1,'','',-1,4);
INSERT INTO "asset_versions" VALUES('-4525838734794360719','','INSTALLED',0,0,0,0,0,'com.att.android.mobile.attmessages','false',NULL,NULL,13,NULL,NULL,-1,'','',-1,4,-1,'','',-1,4);
INSERT INTO "asset_versions" VALUES('-6944780317363395013','','INSTALLED',0,0,0,0,0,'com.uievolution.client.rbt','false',NULL,NULL,6,NULL,NULL,-1,'','',-1,4,-1,'','',-1,4);
INSERT INTO "asset_versions" VALUES('1016747586559788218','','INSTALLED',0,0,0,0,0,'com.mtag.att.codescanner','false',NULL,NULL,1,NULL,NULL,-1,'','',-1,4,-1,'','',-1,4);
INSERT INTO "asset_versions" VALUES('6439435697215162465','','INSTALLED',0,0,0,0,0,'com.openfeint.spotlightwla','false',NULL,NULL,12,NULL,NULL,-1,'','',-1,4,-1,'','',-1,4);
INSERT INTO "asset_versions" VALUES('5078613353311598559','','INSTALLED',0,0,0,0,0,'com.lookout','false',NULL,NULL,8976,NULL,NULL,-1,'','',-1,4,-1,'','',-1,4);
INSERT INTO "asset_versions" VALUES('-3609748329029458917','','INSTALLED',0,0,0,0,0,'com.tripadvisor.tripadvisor','false',NULL,NULL,16,NULL,NULL,-1,'','',-1,4,-1,'','',-1,4);
INSERT INTO "asset_versions" VALUES('6142624048875875466','','INSTALLED',0,0,0,0,0,'com.shazam.android','false',NULL,NULL,73046,NULL,NULL,-1,'','',-1,4,-1,'','',-1,4);
INSERT INTO "asset_versions" VALUES('5432415875544851951','','INSTALLED',0,0,0,0,0,'com.google.android.stardroid','false',NULL,NULL,1112,NULL,NULL,-1,'','',-1,4,-1,'','',-1,4);
INSERT INTO "asset_versions" VALUES('8037660998916840375','','INSTALLED',0,0,0,0,0,'com.espn.score_center','false',NULL,NULL,142,NULL,NULL,-1,'','',-1,4,-1,'','',-1,4);
INSERT INTO "asset_versions" VALUES('6662695058608320777','','INSTALLED',0,0,0,0,0,'com.google.android.youtube','false',NULL,NULL,2106,NULL,NULL,-1,'','',-1,4,-1,'','',-1,4);
INSERT INTO "asset_versions" VALUES('v2:com.zynga.words:1:4550','content://downloads/my_downloads/17','INSTALLED',1319613096108,1319613098164,1319613116545,0,4263334,'com.zynga.words','false','J_blOgww9a5Ze5Uk0fBmsTNehII',0,4550,NULL,NULL,-1,'','',-1,4,-1,'','',-1,4);
INSERT INTO "asset_versions" VALUES('v2:com.aws.android:1:2000500432','content://downloads/my_downloads/18','INSTALLED',1319613138029,1319613139663,1319613158941,0,3061778,'com.aws.android','false','tXjYQtvYjOq991QCOtMW6Mr8GXM',0,2000500432,'details?doc=com.aws.android',NULL,-1,'','',-1,4,-1,'','',-1,4);
INSERT INTO "asset_versions" VALUES('v2:ca.jamdat.flight.scrabblefree:1:112057','content://downloads/my_downloads/19','INSTALLED',1319613170492,1319613172743,1319613285289,0,23213948,'ca.jamdat.flight.scrabblefree','false','o8C7x1tQaXbjVyrQOM0lvCwZFQs',0,112057,NULL,NULL,-1,'','',-1,4,-1,'','',-1,4);
INSERT INTO "asset_versions" VALUES('v2:com.att.android.JustUs:1:6','content://downloads/my_downloads/20','INSTALLED',1319613234466,1319613277948,1319613365395,0,16176815,'com.att.android.JustUs','false','G6EBHgit0-snUV1QbnOGBB1i-X0',0,6,'details?doc=com.att.android.JustUs',NULL,-1,'','',-1,4,-1,'','',-1,4);
INSERT INTO "asset_versions" VALUES('-3733378492205592073','content://downloads/my_downloads/21','INSTALLED',1319614233419,1319614237357,1319614251429,0,2438706,'com.google.android.apps.books','false','WFKfmnu0hCBVLK8D7OkVAg6Q4To',0,1405,NULL,NULL,-1,'','',-1,4,-1,'','',-1,4);
INSERT INTO "asset_versions" VALUES('-7145378548035006780','content://downloads/my_downloads/22','INSTALLED',1319614233423,1319614245956,1319614256224,0,2198827,'com.google.android.gm','false','F6vRRLuzGKJjSR5mbZMbgK1Am_I',0,171,NULL,NULL,-1,'','',-1,4,-1,'','',-1,4);
INSERT INTO "asset_versions" VALUES('-7067948558093028207','content://downloads/my_downloads/23','INSTALLED',1319614233410,1319614253148,1319614270641,0,4688276,'com.adobe.flashplayer','false','vcpnanPgWyeYr-A7EKsv0G8f3lw',0,110001153,NULL,NULL,-1,'','',-1,4,-1,'','',-1,4);
INSERT INTO "asset_versions" VALUES('v2:com.rovio.angrybirds:1:1630','content://downloads/my_downloads/24','INSTALLED',1319615269764,1319615271889,1319615345629,0,19556706,'com.rovio.angrybirds','false','hisyCJI8wNb5wkrF1yd9KibsRW4',0,1630,'details?doc=com.rovio.angrybirds',NULL,-1,'','',-1,4,-1,'','',-1,4);
CREATE TABLE assets(PACKAGE TEXT PRIMARY KEY, AUTO_UPDATE TEXT, ACCOUNT TEXT);
INSERT INTO "assets" VALUES('com.tripadvisor.tripadvisor','DEFAULT','honesthenry@gmail.com');
INSERT INTO "assets" VALUES('com.shazam.android','DEFAULT','honesthenry@gmail.com');
INSERT INTO "assets" VALUES('com.uievolution.client.rbt','DEFAULT','honesthenry@gmail.com');
INSERT INTO "assets" VALUES('com.cooliris.media','DEFAULT','honesthenry@gmail.com');
INSERT INTO "assets" VALUES('com.amazon.kindle','DEFAULT','honesthenry@gmail.com');
INSERT INTO "assets" VALUES('com.google.android.youtube','DEFAULT','honesthenry@gmail.com');
INSERT INTO "assets" VALUES('com.openfeint.spotlightwla','DEFAULT','honesthenry@gmail.com');
INSERT INTO "assets" VALUES('com.mtag.att.codescanner','DEFAULT','honesthenry@gmail.com');
INSERT INTO "assets" VALUES('com.pandora.android','DEFAULT','honesthenry@gmail.com');
INSERT INTO "assets" VALUES('com.att.android.mobile.attmessages','DEFAULT','honesthenry@gmail.com');
INSERT INTO "assets" VALUES('com.google.android.stardroid','DEFAULT','honesthenry@gmail.com');
INSERT INTO "assets" VALUES('com.facebook.katana','DEFAULT','honesthenry@gmail.com');
INSERT INTO "assets" VALUES('com.google.android.googlequicksearchbox','DEFAULT','honesthenry@gmail.com');
INSERT INTO "assets" VALUES('com.lookout','DEFAULT','honesthenry@gmail.com');
INSERT INTO "assets" VALUES('com.espn.score_center','DEFAULT','honesthenry@gmail.com');
INSERT INTO "assets" VALUES('com.zynga.words','DEFAULT','honesthenry@gmail.com');
INSERT INTO "assets" VALUES('com.aws.android','DEFAULT','honesthenry@gmail.com');
INSERT INTO "assets" VALUES('ca.jamdat.flight.scrabblefree','DEFAULT','honesthenry@gmail.com');
INSERT INTO "assets" VALUES('com.att.android.JustUs','DEFAULT','honesthenry@gmail.com');
INSERT INTO "assets" VALUES('com.adobe.flashplayer','DEFAULT','honesthenry@gmail.com');
INSERT INTO "assets" VALUES('com.google.android.apps.books','DEFAULT','honesthenry@gmail.com');
INSERT INTO "assets" VALUES('com.google.android.gm','DEFAULT','honesthenry@gmail.com');
INSERT INTO "assets" VALUES('com.rovio.angrybirds','DEFAULT','honesthenry@gmail.com');
COMMIT;
